<testsuites id="" name="" tests="3" failures="3" skipped="0" errors="0" time="7.437868000000001">
<testsuite name="auth/accessibility.spec.ts" timestamp="2025-12-12T05:51:19.946Z" hostname="" tests="3" failures="3" skipped="0" time="17.285" errors="0">
<testcase name="Auth Accessibility › login page should not have any automatically detectable accessibility issues" classname="auth/accessibility.spec.ts" time="5.836">
<failure message="accessibility.spec.ts:5:7 login page should not have any automatically detectable accessibility issues" type="FAILURE">
<![CDATA[  auth/accessibility.spec.ts:5:7 › Auth Accessibility › login page should not have any automatically detectable accessibility issues 

    Error: expect(received).toEqual(expected) // deep equality

    - Expected  -   1
    + Received  + 182

    - Array []
    + Array [
    +   Object {
    +     "description": "Ensure the document has a main landmark",
    +     "help": "Document should have one main landmark",
    +     "helpUrl": "https://dequeuniversity.com/rules/axe/4.11/landmark-one-main?application=playwright",
    +     "id": "landmark-one-main",
    +     "impact": "moderate",
    +     "nodes": Array [
    +       Object {
    +         "all": Array [
    +           Object {
    +             "data": null,
    +             "id": "page-has-main",
    +             "impact": "moderate",
    +             "message": "Document does not have a main landmark",
    +             "relatedNodes": Array [],
    +           },
    +         ],
    +         "any": Array [],
    +         "failureSummary": "Fix all of the following:
    +   Document does not have a main landmark",
    +         "html": "<html lang=\"en\">",
    +         "impact": "moderate",
    +         "none": Array [],
    +         "target": Array [
    +           "html",
    +         ],
    +       },
    +     ],
    +     "tags": Array [
    +       "cat.semantics",
    +       "best-practice",
    +     ],
    +   },
    +   Object {
    +     "description": "Ensure all page content is contained by landmarks",
    +     "help": "All page content should be contained by landmarks",
    +     "helpUrl": "https://dequeuniversity.com/rules/axe/4.11/region?application=playwright",
    +     "id": "region",
    +     "impact": "moderate",
    +     "nodes": Array [
    +       Object {
    +         "all": Array [],
    +         "any": Array [
    +           Object {
    +             "data": Object {
    +               "isIframe": false,
    +             },
    +             "id": "region",
    +             "impact": "moderate",
    +             "message": "Some page content is not contained by landmarks",
    +             "relatedNodes": Array [],
    +           },
    +         ],
    +         "failureSummary": "Fix any of the following:
    +   Some page content is not contained by landmarks",
    +         "html": "<div class=\"space-y-2 text-center\"><h1 class=\"text-3xl font-bold tracking-tight\">Welcome Back</h1><p class=\"text-sm text-muted-foreground\">Enter your email to sign in to your account</p></div>",
    +         "impact": "moderate",
    +         "none": Array [],
    +         "target": Array [
    +           ".space-y-2",
    +         ],
    +       },
    +       Object {
    +         "all": Array [],
    +         "any": Array [
    +           Object {
    +             "data": Object {
    +               "isIframe": false,
    +             },
    +             "id": "region",
    +             "impact": "moderate",
    +             "message": "Some page content is not contained by landmarks",
    +             "relatedNodes": Array [],
    +           },
    +         ],
    +         "failureSummary": "Fix any of the following:
    +   Some page content is not contained by landmarks",
    +         "html": "<div class=\"grid gap-1\">",
    +         "impact": "moderate",
    +         "none": Array [],
    +         "target": Array [
    +           ".gap-1.grid:nth-child(1)",
    +         ],
    +       },
    +       Object {
    +         "all": Array [],
    +         "any": Array [
    +           Object {
    +             "data": Object {
    +               "isIframe": false,
    +             },
    +             "id": "region",
    +             "impact": "moderate",
    +             "message": "Some page content is not contained by landmarks",
    +             "relatedNodes": Array [],
    +           },
    +         ],
    +         "failureSummary": "Fix any of the following:
    +   Some page content is not contained by landmarks",
    +         "html": "<div class=\"grid gap-1\">",
    +         "impact": "moderate",
    +         "none": Array [],
    +         "target": Array [
    +           ".gap-1.grid:nth-child(2)",
    +         ],
    +       },
    +       Object {
    +         "all": Array [],
    +         "any": Array [
    +           Object {
    +             "data": Object {
    +               "isIframe": false,
    +             },
    +             "id": "region",
    +             "impact": "moderate",
    +             "message": "Some page content is not contained by landmarks",
    +             "relatedNodes": Array [],
    +           },
    +         ],
    +         "failureSummary": "Fix any of the following:
    +   Some page content is not contained by landmarks",
    +         "html": "<div class=\"flex items-center justify-end\"><a class=\"text-sm font-medium text-muted-foreground hover:underline\" href=\"/reset-password\">Forgot password?</a></div>",
    +         "impact": "moderate",
    +         "none": Array [],
    +         "target": Array [
    +           ".justify-end",
    +         ],
    +       },
    +       Object {
    +         "all": Array [],
    +         "any": Array [
    +           Object {
    +             "data": Object {
    +               "isIframe": false,
    +             },
    +             "id": "region",
    +             "impact": "moderate",
    +             "message": "Some page content is not contained by landmarks",
    +             "relatedNodes": Array [],
    +           },
    +         ],
    +         "failureSummary": "Fix any of the following:
    +   Some page content is not contained by landmarks",
    +         "html": "<div class=\"relative\"><div class=\"absolute inset-0 flex items-center\"><span class=\"w-full border-t\"></span></div><div class=\"relative flex justify-center text-xs uppercase\"><span class=\"bg-background px-2 text-muted-foreground\">Or continue with</span></div></div>",
    +         "impact": "moderate",
    +         "none": Array [],
    +         "target": Array [
    +           ".gap-6 > .relative",
    +         ],
    +       },
    +       Object {
    +         "all": Array [],
    +         "any": Array [
    +           Object {
    +             "data": Object {
    +               "isIframe": false,
    +             },
    +             "id": "region",
    +             "impact": "moderate",
    +             "message": "Some page content is not contained by landmarks",
    +             "relatedNodes": Array [],
    +           },
    +         ],
    +         "failureSummary": "Fix any of the following:
    +   Some page content is not contained by landmarks",
    +         "html": "<p class=\"px-8 text-center text-sm text-muted-foreground\"><a class=\"hover:text-brand underline underline-offset-4\" href=\"/signup\">Don't have an account? Sign Up</a></p>",
    +         "impact": "moderate",
    +         "none": Array [],
    +         "target": Array [
    +           ".px-8",
    +         ],
    +       },
    +     ],
    +     "tags": Array [
    +       "cat.keyboard",
    +       "best-practice",
    +       "RGAAv4",
    +       "RGAA-9.2.1",
    +     ],
    +   },
    + ]

      10 |
      11 |     const accessibilityScanResults = await new AxeBuilder({ page }).analyze();
    > 12 |     expect(accessibilityScanResults.violations).toEqual([]);
         |                                                 ^
      13 |   });
      14 |
      15 |   test('signup page should not have any automatically detectable accessibility issues', async ({ page }) => {
        at /home/optiks/dev/crosslist/apps/web/playwright/tests/auth/accessibility.spec.ts:12:49

    attachment #1: screenshot (image/png) ──────────────────────────────────────────────────────────
    ../../test-results/auth-accessibility-Auth-Ac-1763c-ctable-accessibility-issues/test-failed-1.png
    ────────────────────────────────────────────────────────────────────────────────────────────────

    Error Context: ../../test-results/auth-accessibility-Auth-Ac-1763c-ctable-accessibility-issues/error-context.md
]]>
</failure>
<system-out>
<![CDATA[
[[ATTACHMENT|auth-accessibility-Auth-Ac-1763c-ctable-accessibility-issues/test-failed-1.png]]

[[ATTACHMENT|auth-accessibility-Auth-Ac-1763c-ctable-accessibility-issues/error-context.md]]
]]>
</system-out>
</testcase>
<testcase name="Auth Accessibility › signup page should not have any automatically detectable accessibility issues" classname="auth/accessibility.spec.ts" time="5.784">
<failure message="accessibility.spec.ts:15:7 signup page should not have any automatically detectable accessibility issues" type="FAILURE">
<![CDATA[  auth/accessibility.spec.ts:15:7 › Auth Accessibility › signup page should not have any automatically detectable accessibility issues 

    Error: expect(received).toEqual(expected) // deep equality

    - Expected  -   1
    + Received  + 182

    - Array []
    + Array [
    +   Object {
    +     "description": "Ensure the document has a main landmark",
    +     "help": "Document should have one main landmark",
    +     "helpUrl": "https://dequeuniversity.com/rules/axe/4.11/landmark-one-main?application=playwright",
    +     "id": "landmark-one-main",
    +     "impact": "moderate",
    +     "nodes": Array [
    +       Object {
    +         "all": Array [
    +           Object {
    +             "data": null,
    +             "id": "page-has-main",
    +             "impact": "moderate",
    +             "message": "Document does not have a main landmark",
    +             "relatedNodes": Array [],
    +           },
    +         ],
    +         "any": Array [],
    +         "failureSummary": "Fix all of the following:
    +   Document does not have a main landmark",
    +         "html": "<html lang=\"en\">",
    +         "impact": "moderate",
    +         "none": Array [],
    +         "target": Array [
    +           "html",
    +         ],
    +       },
    +     ],
    +     "tags": Array [
    +       "cat.semantics",
    +       "best-practice",
    +     ],
    +   },
    +   Object {
    +     "description": "Ensure all page content is contained by landmarks",
    +     "help": "All page content should be contained by landmarks",
    +     "helpUrl": "https://dequeuniversity.com/rules/axe/4.11/region?application=playwright",
    +     "id": "region",
    +     "impact": "moderate",
    +     "nodes": Array [
    +       Object {
    +         "all": Array [],
    +         "any": Array [
    +           Object {
    +             "data": Object {
    +               "isIframe": false,
    +             },
    +             "id": "region",
    +             "impact": "moderate",
    +             "message": "Some page content is not contained by landmarks",
    +             "relatedNodes": Array [],
    +           },
    +         ],
    +         "failureSummary": "Fix any of the following:
    +   Some page content is not contained by landmarks",
    +         "html": "<div class=\"space-y-2 text-center\"><h1 class=\"text-3xl font-bold tracking-tight\">Create an Account</h1><p class=\"text-sm text-muted-foreground\">Enter your email below to create your account</p></div>",
    +         "impact": "moderate",
    +         "none": Array [],
    +         "target": Array [
    +           ".space-y-2",
    +         ],
    +       },
    +       Object {
    +         "all": Array [],
    +         "any": Array [
    +           Object {
    +             "data": Object {
    +               "isIframe": false,
    +             },
    +             "id": "region",
    +             "impact": "moderate",
    +             "message": "Some page content is not contained by landmarks",
    +             "relatedNodes": Array [],
    +           },
    +         ],
    +         "failureSummary": "Fix any of the following:
    +   Some page content is not contained by landmarks",
    +         "html": "<div class=\"grid gap-1\">",
    +         "impact": "moderate",
    +         "none": Array [],
    +         "target": Array [
    +           ".gap-1.grid:nth-child(1)",
    +         ],
    +       },
    +       Object {
    +         "all": Array [],
    +         "any": Array [
    +           Object {
    +             "data": Object {
    +               "isIframe": false,
    +             },
    +             "id": "region",
    +             "impact": "moderate",
    +             "message": "Some page content is not contained by landmarks",
    +             "relatedNodes": Array [],
    +           },
    +         ],
    +         "failureSummary": "Fix any of the following:
    +   Some page content is not contained by landmarks",
    +         "html": "<div class=\"grid gap-1\">",
    +         "impact": "moderate",
    +         "none": Array [],
    +         "target": Array [
    +           ".gap-1.grid:nth-child(2)",
    +         ],
    +       },
    +       Object {
    +         "all": Array [],
    +         "any": Array [
    +           Object {
    +             "data": Object {
    +               "isIframe": false,
    +             },
    +             "id": "region",
    +             "impact": "moderate",
    +             "message": "Some page content is not contained by landmarks",
    +             "relatedNodes": Array [],
    +           },
    +         ],
    +         "failureSummary": "Fix any of the following:
    +   Some page content is not contained by landmarks",
    +         "html": "<div class=\"grid gap-1\">",
    +         "impact": "moderate",
    +         "none": Array [],
    +         "target": Array [
    +           ".gap-1.grid:nth-child(3)",
    +         ],
    +       },
    +       Object {
    +         "all": Array [],
    +         "any": Array [
    +           Object {
    +             "data": Object {
    +               "isIframe": false,
    +             },
    +             "id": "region",
    +             "impact": "moderate",
    +             "message": "Some page content is not contained by landmarks",
    +             "relatedNodes": Array [],
    +           },
    +         ],
    +         "failureSummary": "Fix any of the following:
    +   Some page content is not contained by landmarks",
    +         "html": "<div class=\"relative\"><div class=\"absolute inset-0 flex items-center\"><span class=\"w-full border-t\"></span></div><div class=\"relative flex justify-center text-xs uppercase\"><span class=\"bg-background px-2 text-muted-foreground\">Or continue with</span></div></div>",
    +         "impact": "moderate",
    +         "none": Array [],
    +         "target": Array [
    +           ".gap-6 > .relative",
    +         ],
    +       },
    +       Object {
    +         "all": Array [],
    +         "any": Array [
    +           Object {
    +             "data": Object {
    +               "isIframe": false,
    +             },
    +             "id": "region",
    +             "impact": "moderate",
    +             "message": "Some page content is not contained by landmarks",
    +             "relatedNodes": Array [],
    +           },
    +         ],
    +         "failureSummary": "Fix any of the following:
    +   Some page content is not contained by landmarks",
    +         "html": "<p class=\"px-8 text-center text-sm text-muted-foreground\"><a class=\"hover:text-brand underline underline-offset-4\" href=\"/login\">Already have an account? Login</a></p>",
    +         "impact": "moderate",
    +         "none": Array [],
    +         "target": Array [
    +           ".px-8",
    +         ],
    +       },
    +     ],
    +     "tags": Array [
    +       "cat.keyboard",
    +       "best-practice",
    +       "RGAAv4",
    +       "RGAA-9.2.1",
    +     ],
    +   },
    + ]

      20 |
      21 |     const accessibilityScanResults = await new AxeBuilder({ page }).analyze();
    > 22 |     expect(accessibilityScanResults.violations).toEqual([]);
         |                                                 ^
      23 |   });
      24 |
      25 |   test('forgot password page should not have any automatically detectable accessibility issues', async ({ page }) => {
        at /home/optiks/dev/crosslist/apps/web/playwright/tests/auth/accessibility.spec.ts:22:49

    attachment #1: screenshot (image/png) ──────────────────────────────────────────────────────────
    ../../test-results/auth-accessibility-Auth-Ac-b381f-ctable-accessibility-issues/test-failed-1.png
    ────────────────────────────────────────────────────────────────────────────────────────────────

    Error Context: ../../test-results/auth-accessibility-Auth-Ac-b381f-ctable-accessibility-issues/error-context.md
]]>
</failure>
<system-out>
<![CDATA[
[[ATTACHMENT|auth-accessibility-Auth-Ac-b381f-ctable-accessibility-issues/test-failed-1.png]]

[[ATTACHMENT|auth-accessibility-Auth-Ac-b381f-ctable-accessibility-issues/error-context.md]]
]]>
</system-out>
</testcase>
<testcase name="Auth Accessibility › forgot password page should not have any automatically detectable accessibility issues" classname="auth/accessibility.spec.ts" time="5.665">
<failure message="accessibility.spec.ts:25:7 forgot password page should not have any automatically detectable accessibility issues" type="FAILURE">
<![CDATA[  auth/accessibility.spec.ts:25:7 › Auth Accessibility › forgot password page should not have any automatically detectable accessibility issues 

    Error: expect(received).toEqual(expected) // deep equality

    - Expected  -  1
    + Received  + 94

    - Array []
    + Array [
    +   Object {
    +     "description": "Ensure the document has a main landmark",
    +     "help": "Document should have one main landmark",
    +     "helpUrl": "https://dequeuniversity.com/rules/axe/4.11/landmark-one-main?application=playwright",
    +     "id": "landmark-one-main",
    +     "impact": "moderate",
    +     "nodes": Array [
    +       Object {
    +         "all": Array [
    +           Object {
    +             "data": null,
    +             "id": "page-has-main",
    +             "impact": "moderate",
    +             "message": "Document does not have a main landmark",
    +             "relatedNodes": Array [],
    +           },
    +         ],
    +         "any": Array [],
    +         "failureSummary": "Fix all of the following:
    +   Document does not have a main landmark",
    +         "html": "<html lang=\"en\">",
    +         "impact": "moderate",
    +         "none": Array [],
    +         "target": Array [
    +           "html",
    +         ],
    +       },
    +     ],
    +     "tags": Array [
    +       "cat.semantics",
    +       "best-practice",
    +     ],
    +   },
    +   Object {
    +     "description": "Ensure all page content is contained by landmarks",
    +     "help": "All page content should be contained by landmarks",
    +     "helpUrl": "https://dequeuniversity.com/rules/axe/4.11/region?application=playwright",
    +     "id": "region",
    +     "impact": "moderate",
    +     "nodes": Array [
    +       Object {
    +         "all": Array [],
    +         "any": Array [
    +           Object {
    +             "data": Object {
    +               "isIframe": false,
    +             },
    +             "id": "region",
    +             "impact": "moderate",
    +             "message": "Some page content is not contained by landmarks",
    +             "relatedNodes": Array [],
    +           },
    +         ],
    +         "failureSummary": "Fix any of the following:
    +   Some page content is not contained by landmarks",
    +         "html": "<div class=\"space-y-2 text-center\"><h1 class=\"text-3xl font-bold tracking-tight\">Reset Password</h1><p class=\"text-sm text-muted-foreground\">Enter your email to receive a password reset link</p></div>",
    +         "impact": "moderate",
    +         "none": Array [],
    +         "target": Array [
    +           ".space-y-2",
    +         ],
    +       },
    +       Object {
    +         "all": Array [],
    +         "any": Array [
    +           Object {
    +             "data": Object {
    +               "isIframe": false,
    +             },
    +             "id": "region",
    +             "impact": "moderate",
    +             "message": "Some page content is not contained by landmarks",
    +             "relatedNodes": Array [],
    +           },
    +         ],
    +         "failureSummary": "Fix any of the following:
    +   Some page content is not contained by landmarks",
    +         "html": "<div class=\"grid gap-1\">",
    +         "impact": "moderate",
    +         "none": Array [],
    +         "target": Array [
    +           ".gap-1",
    +         ],
    +       },
    +     ],
    +     "tags": Array [
    +       "cat.keyboard",
    +       "best-practice",
    +       "RGAAv4",
    +       "RGAA-9.2.1",
    +     ],
    +   },
    + ]

      30 |
      31 |     const accessibilityScanResults = await new AxeBuilder({ page }).analyze();
    > 32 |     expect(accessibilityScanResults.violations).toEqual([]);
         |                                                 ^
      33 |   });
      34 | });
      35 |
        at /home/optiks/dev/crosslist/apps/web/playwright/tests/auth/accessibility.spec.ts:32:49

    attachment #1: screenshot (image/png) ──────────────────────────────────────────────────────────
    ../../test-results/auth-accessibility-Auth-Ac-6ecf8-ctable-accessibility-issues/test-failed-1.png
    ────────────────────────────────────────────────────────────────────────────────────────────────

    Error Context: ../../test-results/auth-accessibility-Auth-Ac-6ecf8-ctable-accessibility-issues/error-context.md
]]>
</failure>
<system-out>
<![CDATA[
[[ATTACHMENT|auth-accessibility-Auth-Ac-6ecf8-ctable-accessibility-issues/test-failed-1.png]]

[[ATTACHMENT|auth-accessibility-Auth-Ac-6ecf8-ctable-accessibility-issues/error-context.md]]
]]>
</system-out>
</testcase>
</testsuite>
</testsuites>